


ARM Macro Assembler    Page 1 


    1 00000000         ;/******************************************************
                       ********************//**
    2 00000000         ; * @file     startup_DA14531.s
    3 00000000         ; * @brief    CMSIS Cortex-M ARMv7-M based Core Device S
                       tartup File for
    4 00000000         ; *           Device DA14531
    5 00000000         ; * @version  V5.00
    6 00000000         ; * @date     02. March 2016
    7 00000000         ; ******************************************************
                       ************************/
    8 00000000         ;/*
    9 00000000         ; * Copyright (c) 2009-2016 ARM Limited. All rights rese
                       rved.
   10 00000000         ; *
   11 00000000         ; * SPDX-License-Identifier: Apache-2.0
   12 00000000         ; *
   13 00000000         ; * Licensed under the Apache License, Version 2.0 (the 
                       License); you may
   14 00000000         ; * not use this file except in compliance with the Lice
                       nse.
   15 00000000         ; * You may obtain a copy of the License at
   16 00000000         ; *
   17 00000000         ; * www.apache.org/licenses/LICENSE-2.0
   18 00000000         ; *
   19 00000000         ; * Unless required by applicable law or agreed to in wr
                       iting, software
   20 00000000         ; * distributed under the License is distributed on an A
                       S IS BASIS, WITHOUT
   21 00000000         ; * WARRANTIES OR CONDITIONS OF ANY KIND, either express
                        or implied.
   22 00000000         ; * See the License for the specific language governing 
                       permissions and
   23 00000000         ; * limitations under the License.
   24 00000000         ; *
   25 00000000         ; * Copyright (C) 2019-2023 Modified by Renesas Electron
                       ics Corporation and/or its affiliates.
   26 00000000         ; */
   27 00000000         ;/*
   28 00000000         
   29 00000000         ;//-------- <<< Use Configuration Wizard in Context Menu
                        >>> ------------------
   30 00000000         ;*/
   31 00000000         
   32 00000000                 IF               :DEF:CFG_STATEFUL_HIBERNATION
   35                          ENDIF
   36 00000000         
   37 00000000         ; <h> Stack Configuration
   38 00000000         ;   <o> Stack Size (in Bytes) <0x0-0xFFFFFFFF:8>
   39 00000000         ; </h>
   40 00000000         
   41 00000000                 IF               :DEF:STACK_TOP_IS_THE_RAM_END
   44 00000000                 IF               :DEF:STACK_SIZE
   47 00000000 00000700 
                       Stack_Size
                               EQU              0x00000700
   48 00000000                 ENDIF
   49 00000000         
   50 00000000                 AREA             STACK, NOINIT, READWRITE, ALIGN
=3



ARM Macro Assembler    Page 2 


   51 00000000         Stack_Mem
                               SPACE            Stack_Size
   52 00000700         __initial_sp
   53 00000700                 ENDIF
   54 00000700         
   55 00000700         
   56 00000700         ; <h> Heap Configuration
   57 00000700         ;   <o>  Heap Size (in Bytes) <0x0-0xFFFFFFFF:8>
   58 00000700         ; </h>
   59 00000700         
   60 00000700 00000100 
                       Heap_Size
                               EQU              0x00000100
   61 00000700         
   62 00000700                 AREA             HEAP, NOINIT, READWRITE, ALIGN=
3
   63 00000000         __heap_base
   64 00000000         Heap_Mem
                               SPACE            Heap_Size
   65 00000100         __heap_limit
   66 00000100         
   67 00000100                 IF               :DEF:CFG_STATEFUL_HIBERNATION
   84                          ENDIF
   85 00000100         
   86 00000100                 PRESERVE8
   87 00000100                 THUMB
   88 00000100         
   89 00000100         
   90 00000100         ; Vector Table Mapped to Address 0 at Reset
   91 00000100         
   92 00000100                 AREA             RESET, DATA, READONLY
   93 00000000                 EXPORT           __Vectors
   94 00000000                 EXPORT           __Vectors_End
   95 00000000                 EXPORT           __Vectors_Size
   96 00000000         
   97 00000000                 IF               :DEF:STACK_TOP_IS_THE_RAM_END
  100 00000000 00000000 
                       __Vectors
                               DCD              __initial_sp ; Top of Stack is 
                                                            the STACK area end
  101 00000004                 ENDIF
  102 00000004 00000000        DCD              Reset_Handler ; Reset Handler
  103 00000008 00000000        DCD              NMI_Handler ; NMI Handler
  104 0000000C 00000000        DCD              HardFault_Handler ; Hard Fault 
                                                            Handler
  105 00000010 00000000        DCD              0           ; Reserved
  106 00000014 00000000        DCD              0           ; Reserved
  107 00000018 00000000        DCD              0           ; Reserved
  108 0000001C 00000000        DCD              0           ; Reserved
  109 00000020 00000000        DCD              0           ; Reserved
  110 00000024 00000000        DCD              0           ; Reserved
  111 00000028 00000000        DCD              0           ; Reserved
  112 0000002C 00000000        DCD              SVC_Handler ; SVCall Handler
  113 00000030 00000000        DCD              0           ; Reserved
  114 00000034 00000000        DCD              0           ; Reserved
  115 00000038 00000000        DCD              PendSV_Handler ; PendSV Handler
                                                            
  116 0000003C 00000000        DCD              SysTick_Handler 
                                                            ; SysTick Handler



ARM Macro Assembler    Page 3 


  117 00000040         
  118 00000040         ; External Interrupts
  119 00000040 00000000        DCD              BLE_WAKEUP_LP_Handler
  120 00000044 00000000        DCD              rwble_isr
  121 00000048 00000000        DCD              UART_Handler
  122 0000004C 00000000        DCD              UART2_Handler
  123 00000050 00000000        DCD              I2C_Handler
  124 00000054 00000000        DCD              SPI_Handler
  125 00000058 00000000        DCD              ADC_Handler
  126 0000005C 00000000        DCD              KEYBRD_Handler
  127 00000060 00000000        DCD              BLE_RF_DIAG_Handler
  128 00000064 00000000        DCD              RFCAL_Handler
  129 00000068 00000000        DCD              GPIO0_Handler
  130 0000006C 00000000        DCD              GPIO1_Handler
  131 00000070 00000000        DCD              GPIO2_Handler
  132 00000074 00000000        DCD              GPIO3_Handler
  133 00000078 00000000        DCD              GPIO4_Handler
  134 0000007C 00000000        DCD              SWTIM_Handler
  135 00000080 00000000        DCD              WKUP_QUADEC_Handler
  136 00000084 00000000        DCD              SWTIM1_Handler
  137 00000088 00000000        DCD              RTC_Handler
  138 0000008C 00000000        DCD              DMA_Handler
  139 00000090 00000000        DCD              XTAL32M_RDY_Handler
  140 00000094 00000000        DCD              RESERVED21_Handler
  141 00000098 00000000        DCD              RESERVED22_Handler
  142 0000009C 00000000        DCD              RESERVED23_Handler
  143 000000A0         __Vectors_End
  144 000000A0         
  145 000000A0 000000A0 
                       __Vectors_Size
                               EQU              __Vectors_End - __Vectors
  146 000000A0         
  147 000000A0                 AREA             |.text|, CODE, READONLY
  148 00000000         
  149 00000000                 IF               :DEF:CFG_STATEFUL_HIBERNATION
  335                          ENDIF
  336 00000000         
  337 00000000         ; Reset Handler
  338 00000000         
  339 00000000         Reset_Handler
                               PROC
  340 00000000                 EXPORT           Reset_Handler             [WEAK
]
  341 00000000                 IMPORT           SystemInit
  342 00000000                 IMPORT           __main
  343 00000000         
  344 00000000                 IF               :DEF:CFG_STATEFUL_HIBERNATION
  375                          ENDIF
  376 00000000         
  377 00000000         ; normal reset behavior
  378 00000000 480F            LDR              R0, =SystemInit
  379 00000002 4780            BLX              R0
  380 00000004 480F            LDR              R0, =__main
  381 00000006 4700            BX               R0
  382 00000008                 ENDP
  383 00000008         
  384 00000008         
  385 00000008         ; Dummy Exception Handlers (infinite loops which can be 
                       modified)



ARM Macro Assembler    Page 4 


  386 00000008                 IMPORT           NMI_HandlerC
  388 00000008         NMI_Handler
                               PROC
  389 00000008 2004            movs             r0, #4
  390 0000000A 4671            mov              r1, lr
  391 0000000C 4208            tst              r0, r1
  392 0000000E D003            beq              NMI_stacking_used_MSP
  393 00000010 F3EF 8009       mrs              r0, psp
  394 00000014 490C            ldr              r1,=NMI_HandlerC
  395 00000016 4708            bx               r1
  396 00000018         NMI_stacking_used_MSP
  397 00000018 F3EF 8008       mrs              r0, msp
  398 0000001C 490A            ldr              r1,=NMI_HandlerC
  399 0000001E 4708            bx               r1
  400 00000020                 ENDP
  401 00000020         
  402 00000020                 IMPORT           HardFault_HandlerC
  404 00000020         HardFault_Handler
                               PROC
  405 00000020 2004            movs             r0, #4
  406 00000022 4671            mov              r1, lr
  407 00000024 4208            tst              r0, r1
  408 00000026 D003            beq              HardFault_stacking_used_MSP
  409 00000028 F3EF 8009       mrs              r0, psp
  410 0000002C 4907            ldr              r1,=HardFault_HandlerC
  411 0000002E 4708            bx               r1
  412 00000030         HardFault_stacking_used_MSP
  413 00000030 F3EF 8008       mrs              r0, msp
  414 00000034 4905            ldr              r1,=HardFault_HandlerC
  415 00000036 4708            bx               r1
  416 00000038                 ENDP
  417 00000038         
  419 00000038         SVC_Handler
                               PROC
  420 00000038                 EXPORT           SVC_Handler            [WEAK]
  421 00000038 E7FE            B                .
  422 0000003A                 ENDP
  423 0000003A         
  425 0000003A         PendSV_Handler
                               PROC
  426 0000003A                 EXPORT           PendSV_Handler         [WEAK]
  427 0000003A E7FE            B                .
  428 0000003C                 ENDP
  429 0000003C         
  431 0000003C         SysTick_Handler
                               PROC
  432 0000003C                 EXPORT           SysTick_Handler        [WEAK]
  433 0000003C E7FE            B                .
  434 0000003E                 ENDP
  435 0000003E         
  436 0000003E         Default_Handler
                               PROC
  437 0000003E                 EXPORT           BLE_WAKEUP_LP_Handler   [WEAK]
  438 0000003E                 EXPORT           rwble_isr               [WEAK]
  439 0000003E                 EXPORT           UART_Handler            [WEAK]
  440 0000003E                 EXPORT           UART2_Handler           [WEAK]
  441 0000003E                 EXPORT           I2C_Handler             [WEAK]
  442 0000003E                 EXPORT           SPI_Handler             [WEAK]
  443 0000003E                 EXPORT           ADC_Handler             [WEAK]



ARM Macro Assembler    Page 5 


  444 0000003E                 EXPORT           KEYBRD_Handler          [WEAK]
  445 0000003E                 EXPORT           BLE_RF_DIAG_Handler     [WEAK]
  446 0000003E                 EXPORT           RFCAL_Handler           [WEAK]
  447 0000003E                 EXPORT           GPIO0_Handler           [WEAK]
  448 0000003E                 EXPORT           GPIO1_Handler           [WEAK]
  449 0000003E                 EXPORT           GPIO2_Handler           [WEAK]
  450 0000003E                 EXPORT           GPIO3_Handler           [WEAK]
  451 0000003E                 EXPORT           GPIO4_Handler           [WEAK]
  452 0000003E                 EXPORT           SWTIM_Handler           [WEAK]
  453 0000003E                 EXPORT           WKUP_QUADEC_Handler     [WEAK]
  454 0000003E                 EXPORT           SWTIM1_Handler          [WEAK]
  455 0000003E                 EXPORT           RTC_Handler             [WEAK]
  456 0000003E                 EXPORT           DMA_Handler             [WEAK]
  457 0000003E                 EXPORT           XTAL32M_RDY_Handler     [WEAK]
  458 0000003E                 EXPORT           RESERVED21_Handler      [WEAK]
  459 0000003E                 EXPORT           RESERVED22_Handler      [WEAK]
  460 0000003E                 EXPORT           RESERVED23_Handler      [WEAK]
  461 0000003E         
  462 0000003E         BLE_WAKEUP_LP_Handler
  463 0000003E         rwble_isr
  464 0000003E         UART_Handler
  465 0000003E         UART2_Handler
  466 0000003E         I2C_Handler
  467 0000003E         SPI_Handler
  468 0000003E         ADC_Handler
  469 0000003E         KEYBRD_Handler
  470 0000003E         BLE_RF_DIAG_Handler
  471 0000003E         RFCAL_Handler
  472 0000003E         GPIO0_Handler
  473 0000003E         GPIO1_Handler
  474 0000003E         GPIO2_Handler
  475 0000003E         GPIO3_Handler
  476 0000003E         GPIO4_Handler
  477 0000003E         SWTIM_Handler
  478 0000003E         WKUP_QUADEC_Handler
  479 0000003E         SWTIM1_Handler
  480 0000003E         RTC_Handler
  481 0000003E         DMA_Handler
  482 0000003E         XTAL32M_RDY_Handler
  483 0000003E         RESERVED21_Handler
  484 0000003E         RESERVED22_Handler
  485 0000003E         RESERVED23_Handler
  486 0000003E E7FE            B                .
  487 00000040                 ENDP
  488 00000040         
  489 00000040                 ALIGN
  490 00000040         
  491 00000040         
  492 00000040         ; User Initial Stack & Heap
  493 00000040         
  494 00000040                 IF               :DEF:__MICROLIB
  495 00000040         
  496 00000040                 IF               :DEF:STACK_TOP_IS_THE_RAM_END
  499 00000040                 EXPORT           __initial_sp
  500 00000040                 ENDIF
  501 00000040                 EXPORT           __heap_base
  502 00000040                 EXPORT           __heap_limit
  503 00000040         
  504 00000040                 ELSE



ARM Macro Assembler    Page 6 


  519                          ENDIF
  520 00000040         
  521 00000040         
  522 00000040                 END
              00000000 
              00000000 
              00000000 
              00000000 
Command Line: --debug --xref --diag_suppress=9931,A1950W --cpu=Cortex-M0+ --dep
end=.\out_da14531\objects\startup_da14531.d -o.\out_da14531\objects\startup_da1
4531.o -IC:\Users\apseu\AppData\Local\Arm\Packs\ARM\Cortex_DFP\1.1.0\Device\ARM
CM0plus\Include --predefine="__EVAL SETA 1" --predefine="__MICROLIB SETA 1" --p
redefine="__UVISION_VERSION SETA 542" --predefine="ARMCM0P SETA 1" --list=.\out
_da14531\listings\startup_da14531.lst ..\..\..\..\..\..\sdk\platform\arch\boot\
ARM\startup_DA14531.s



ARM Macro Assembler    Page 1 Alphabetic symbol ordering
Relocatable symbols

STACK 00000000

Symbol: STACK
   Definitions
      At line 50 in file ..\..\..\..\..\..\sdk\platform\arch\boot\ARM\startup_D
A14531.s
   Uses
      None
Comment: STACK unused
Stack_Mem 00000000

Symbol: Stack_Mem
   Definitions
      At line 51 in file ..\..\..\..\..\..\sdk\platform\arch\boot\ARM\startup_D
A14531.s
   Uses
      None
Comment: Stack_Mem unused
__initial_sp 00000700

Symbol: __initial_sp
   Definitions
      At line 52 in file ..\..\..\..\..\..\sdk\platform\arch\boot\ARM\startup_D
A14531.s
   Uses
      At line 100 in file ..\..\..\..\..\..\sdk\platform\arch\boot\ARM\startup_
DA14531.s
      At line 499 in file ..\..\..\..\..\..\sdk\platform\arch\boot\ARM\startup_
DA14531.s

3 symbols



ARM Macro Assembler    Page 1 Alphabetic symbol ordering
Relocatable symbols

HEAP 00000000

Symbol: HEAP
   Definitions
      At line 62 in file ..\..\..\..\..\..\sdk\platform\arch\boot\ARM\startup_D
A14531.s
   Uses
      None
Comment: HEAP unused
Heap_Mem 00000000

Symbol: Heap_Mem
   Definitions
      At line 64 in file ..\..\..\..\..\..\sdk\platform\arch\boot\ARM\startup_D
A14531.s
   Uses
      None
Comment: Heap_Mem unused
__heap_base 00000000

Symbol: __heap_base
   Definitions
      At line 63 in file ..\..\..\..\..\..\sdk\platform\arch\boot\ARM\startup_D
A14531.s
   Uses
      At line 501 in file ..\..\..\..\..\..\sdk\platform\arch\boot\ARM\startup_
DA14531.s
Comment: __heap_base used once
__heap_limit 00000100

Symbol: __heap_limit
   Definitions
      At line 65 in file ..\..\..\..\..\..\sdk\platform\arch\boot\ARM\startup_D
A14531.s
   Uses
      At line 502 in file ..\..\..\..\..\..\sdk\platform\arch\boot\ARM\startup_
DA14531.s
Comment: __heap_limit used once
4 symbols



ARM Macro Assembler    Page 1 Alphabetic symbol ordering
Relocatable symbols

RESET 00000000

Symbol: RESET
   Definitions
      At line 92 in file ..\..\..\..\..\..\sdk\platform\arch\boot\ARM\startup_D
A14531.s
   Uses
      None
Comment: RESET unused
__Vectors 00000000

Symbol: __Vectors
   Definitions
      At line 100 in file ..\..\..\..\..\..\sdk\platform\arch\boot\ARM\startup_
DA14531.s
   Uses
      At line 93 in file ..\..\..\..\..\..\sdk\platform\arch\boot\ARM\startup_D
A14531.s
      At line 145 in file ..\..\..\..\..\..\sdk\platform\arch\boot\ARM\startup_
DA14531.s

__Vectors_End 000000A0

Symbol: __Vectors_End
   Definitions
      At line 143 in file ..\..\..\..\..\..\sdk\platform\arch\boot\ARM\startup_
DA14531.s
   Uses
      At line 94 in file ..\..\..\..\..\..\sdk\platform\arch\boot\ARM\startup_D
A14531.s
      At line 145 in file ..\..\..\..\..\..\sdk\platform\arch\boot\ARM\startup_
DA14531.s

3 symbols



ARM Macro Assembler    Page 1 Alphabetic symbol ordering
Relocatable symbols

.text 00000000

Symbol: .text
   Definitions
      At line 147 in file ..\..\..\..\..\..\sdk\platform\arch\boot\ARM\startup_
DA14531.s
   Uses
      None
Comment: .text unused
ADC_Handler 0000003E

Symbol: ADC_Handler
   Definitions
      At line 468 in file ..\..\..\..\..\..\sdk\platform\arch\boot\ARM\startup_
DA14531.s
   Uses
      At line 125 in file ..\..\..\..\..\..\sdk\platform\arch\boot\ARM\startup_
DA14531.s
      At line 443 in file ..\..\..\..\..\..\sdk\platform\arch\boot\ARM\startup_
DA14531.s

BLE_RF_DIAG_Handler 0000003E

Symbol: BLE_RF_DIAG_Handler
   Definitions
      At line 470 in file ..\..\..\..\..\..\sdk\platform\arch\boot\ARM\startup_
DA14531.s
   Uses
      At line 127 in file ..\..\..\..\..\..\sdk\platform\arch\boot\ARM\startup_
DA14531.s
      At line 445 in file ..\..\..\..\..\..\sdk\platform\arch\boot\ARM\startup_
DA14531.s

BLE_WAKEUP_LP_Handler 0000003E

Symbol: BLE_WAKEUP_LP_Handler
   Definitions
      At line 462 in file ..\..\..\..\..\..\sdk\platform\arch\boot\ARM\startup_
DA14531.s
   Uses
      At line 119 in file ..\..\..\..\..\..\sdk\platform\arch\boot\ARM\startup_
DA14531.s
      At line 437 in file ..\..\..\..\..\..\sdk\platform\arch\boot\ARM\startup_
DA14531.s

DMA_Handler 0000003E

Symbol: DMA_Handler
   Definitions
      At line 481 in file ..\..\..\..\..\..\sdk\platform\arch\boot\ARM\startup_
DA14531.s
   Uses
      At line 138 in file ..\..\..\..\..\..\sdk\platform\arch\boot\ARM\startup_
DA14531.s
      At line 456 in file ..\..\..\..\..\..\sdk\platform\arch\boot\ARM\startup_
DA14531.s

Default_Handler 0000003E




ARM Macro Assembler    Page 2 Alphabetic symbol ordering
Relocatable symbols

Symbol: Default_Handler
   Definitions
      At line 436 in file ..\..\..\..\..\..\sdk\platform\arch\boot\ARM\startup_
DA14531.s
   Uses
      None
Comment: Default_Handler unused
GPIO0_Handler 0000003E

Symbol: GPIO0_Handler
   Definitions
      At line 472 in file ..\..\..\..\..\..\sdk\platform\arch\boot\ARM\startup_
DA14531.s
   Uses
      At line 129 in file ..\..\..\..\..\..\sdk\platform\arch\boot\ARM\startup_
DA14531.s
      At line 447 in file ..\..\..\..\..\..\sdk\platform\arch\boot\ARM\startup_
DA14531.s

GPIO1_Handler 0000003E

Symbol: GPIO1_Handler
   Definitions
      At line 473 in file ..\..\..\..\..\..\sdk\platform\arch\boot\ARM\startup_
DA14531.s
   Uses
      At line 130 in file ..\..\..\..\..\..\sdk\platform\arch\boot\ARM\startup_
DA14531.s
      At line 448 in file ..\..\..\..\..\..\sdk\platform\arch\boot\ARM\startup_
DA14531.s

GPIO2_Handler 0000003E

Symbol: GPIO2_Handler
   Definitions
      At line 474 in file ..\..\..\..\..\..\sdk\platform\arch\boot\ARM\startup_
DA14531.s
   Uses
      At line 131 in file ..\..\..\..\..\..\sdk\platform\arch\boot\ARM\startup_
DA14531.s
      At line 449 in file ..\..\..\..\..\..\sdk\platform\arch\boot\ARM\startup_
DA14531.s

GPIO3_Handler 0000003E

Symbol: GPIO3_Handler
   Definitions
      At line 475 in file ..\..\..\..\..\..\sdk\platform\arch\boot\ARM\startup_
DA14531.s
   Uses
      At line 132 in file ..\..\..\..\..\..\sdk\platform\arch\boot\ARM\startup_
DA14531.s
      At line 450 in file ..\..\..\..\..\..\sdk\platform\arch\boot\ARM\startup_
DA14531.s

GPIO4_Handler 0000003E

Symbol: GPIO4_Handler
   Definitions



ARM Macro Assembler    Page 3 Alphabetic symbol ordering
Relocatable symbols

      At line 476 in file ..\..\..\..\..\..\sdk\platform\arch\boot\ARM\startup_
DA14531.s
   Uses
      At line 133 in file ..\..\..\..\..\..\sdk\platform\arch\boot\ARM\startup_
DA14531.s
      At line 451 in file ..\..\..\..\..\..\sdk\platform\arch\boot\ARM\startup_
DA14531.s

HardFault_Handler 00000020

Symbol: HardFault_Handler
   Definitions
      At line 404 in file ..\..\..\..\..\..\sdk\platform\arch\boot\ARM\startup_
DA14531.s
   Uses
      At line 104 in file ..\..\..\..\..\..\sdk\platform\arch\boot\ARM\startup_
DA14531.s
Comment: HardFault_Handler used once
HardFault_stacking_used_MSP 00000030

Symbol: HardFault_stacking_used_MSP
   Definitions
      At line 412 in file ..\..\..\..\..\..\sdk\platform\arch\boot\ARM\startup_
DA14531.s
   Uses
      At line 408 in file ..\..\..\..\..\..\sdk\platform\arch\boot\ARM\startup_
DA14531.s
Comment: HardFault_stacking_used_MSP used once
I2C_Handler 0000003E

Symbol: I2C_Handler
   Definitions
      At line 466 in file ..\..\..\..\..\..\sdk\platform\arch\boot\ARM\startup_
DA14531.s
   Uses
      At line 123 in file ..\..\..\..\..\..\sdk\platform\arch\boot\ARM\startup_
DA14531.s
      At line 441 in file ..\..\..\..\..\..\sdk\platform\arch\boot\ARM\startup_
DA14531.s

KEYBRD_Handler 0000003E

Symbol: KEYBRD_Handler
   Definitions
      At line 469 in file ..\..\..\..\..\..\sdk\platform\arch\boot\ARM\startup_
DA14531.s
   Uses
      At line 126 in file ..\..\..\..\..\..\sdk\platform\arch\boot\ARM\startup_
DA14531.s
      At line 444 in file ..\..\..\..\..\..\sdk\platform\arch\boot\ARM\startup_
DA14531.s

NMI_Handler 00000008

Symbol: NMI_Handler
   Definitions
      At line 388 in file ..\..\..\..\..\..\sdk\platform\arch\boot\ARM\startup_
DA14531.s
   Uses



ARM Macro Assembler    Page 4 Alphabetic symbol ordering
Relocatable symbols

      At line 103 in file ..\..\..\..\..\..\sdk\platform\arch\boot\ARM\startup_
DA14531.s
Comment: NMI_Handler used once
NMI_stacking_used_MSP 00000018

Symbol: NMI_stacking_used_MSP
   Definitions
      At line 396 in file ..\..\..\..\..\..\sdk\platform\arch\boot\ARM\startup_
DA14531.s
   Uses
      At line 392 in file ..\..\..\..\..\..\sdk\platform\arch\boot\ARM\startup_
DA14531.s
Comment: NMI_stacking_used_MSP used once
PendSV_Handler 0000003A

Symbol: PendSV_Handler
   Definitions
      At line 425 in file ..\..\..\..\..\..\sdk\platform\arch\boot\ARM\startup_
DA14531.s
   Uses
      At line 115 in file ..\..\..\..\..\..\sdk\platform\arch\boot\ARM\startup_
DA14531.s
      At line 426 in file ..\..\..\..\..\..\sdk\platform\arch\boot\ARM\startup_
DA14531.s

RESERVED21_Handler 0000003E

Symbol: RESERVED21_Handler
   Definitions
      At line 483 in file ..\..\..\..\..\..\sdk\platform\arch\boot\ARM\startup_
DA14531.s
   Uses
      At line 140 in file ..\..\..\..\..\..\sdk\platform\arch\boot\ARM\startup_
DA14531.s
      At line 458 in file ..\..\..\..\..\..\sdk\platform\arch\boot\ARM\startup_
DA14531.s

RESERVED22_Handler 0000003E

Symbol: RESERVED22_Handler
   Definitions
      At line 484 in file ..\..\..\..\..\..\sdk\platform\arch\boot\ARM\startup_
DA14531.s
   Uses
      At line 141 in file ..\..\..\..\..\..\sdk\platform\arch\boot\ARM\startup_
DA14531.s
      At line 459 in file ..\..\..\..\..\..\sdk\platform\arch\boot\ARM\startup_
DA14531.s

RESERVED23_Handler 0000003E

Symbol: RESERVED23_Handler
   Definitions
      At line 485 in file ..\..\..\..\..\..\sdk\platform\arch\boot\ARM\startup_
DA14531.s
   Uses
      At line 142 in file ..\..\..\..\..\..\sdk\platform\arch\boot\ARM\startup_
DA14531.s
      At line 460 in file ..\..\..\..\..\..\sdk\platform\arch\boot\ARM\startup_



ARM Macro Assembler    Page 5 Alphabetic symbol ordering
Relocatable symbols

DA14531.s

RFCAL_Handler 0000003E

Symbol: RFCAL_Handler
   Definitions
      At line 471 in file ..\..\..\..\..\..\sdk\platform\arch\boot\ARM\startup_
DA14531.s
   Uses
      At line 128 in file ..\..\..\..\..\..\sdk\platform\arch\boot\ARM\startup_
DA14531.s
      At line 446 in file ..\..\..\..\..\..\sdk\platform\arch\boot\ARM\startup_
DA14531.s

RTC_Handler 0000003E

Symbol: RTC_Handler
   Definitions
      At line 480 in file ..\..\..\..\..\..\sdk\platform\arch\boot\ARM\startup_
DA14531.s
   Uses
      At line 137 in file ..\..\..\..\..\..\sdk\platform\arch\boot\ARM\startup_
DA14531.s
      At line 455 in file ..\..\..\..\..\..\sdk\platform\arch\boot\ARM\startup_
DA14531.s

Reset_Handler 00000000

Symbol: Reset_Handler
   Definitions
      At line 339 in file ..\..\..\..\..\..\sdk\platform\arch\boot\ARM\startup_
DA14531.s
   Uses
      At line 102 in file ..\..\..\..\..\..\sdk\platform\arch\boot\ARM\startup_
DA14531.s
      At line 340 in file ..\..\..\..\..\..\sdk\platform\arch\boot\ARM\startup_
DA14531.s

SPI_Handler 0000003E

Symbol: SPI_Handler
   Definitions
      At line 467 in file ..\..\..\..\..\..\sdk\platform\arch\boot\ARM\startup_
DA14531.s
   Uses
      At line 124 in file ..\..\..\..\..\..\sdk\platform\arch\boot\ARM\startup_
DA14531.s
      At line 442 in file ..\..\..\..\..\..\sdk\platform\arch\boot\ARM\startup_
DA14531.s

SVC_Handler 00000038

Symbol: SVC_Handler
   Definitions
      At line 419 in file ..\..\..\..\..\..\sdk\platform\arch\boot\ARM\startup_
DA14531.s
   Uses
      At line 112 in file ..\..\..\..\..\..\sdk\platform\arch\boot\ARM\startup_
DA14531.s



ARM Macro Assembler    Page 6 Alphabetic symbol ordering
Relocatable symbols

      At line 420 in file ..\..\..\..\..\..\sdk\platform\arch\boot\ARM\startup_
DA14531.s

SWTIM1_Handler 0000003E

Symbol: SWTIM1_Handler
   Definitions
      At line 479 in file ..\..\..\..\..\..\sdk\platform\arch\boot\ARM\startup_
DA14531.s
   Uses
      At line 136 in file ..\..\..\..\..\..\sdk\platform\arch\boot\ARM\startup_
DA14531.s
      At line 454 in file ..\..\..\..\..\..\sdk\platform\arch\boot\ARM\startup_
DA14531.s

SWTIM_Handler 0000003E

Symbol: SWTIM_Handler
   Definitions
      At line 477 in file ..\..\..\..\..\..\sdk\platform\arch\boot\ARM\startup_
DA14531.s
   Uses
      At line 134 in file ..\..\..\..\..\..\sdk\platform\arch\boot\ARM\startup_
DA14531.s
      At line 452 in file ..\..\..\..\..\..\sdk\platform\arch\boot\ARM\startup_
DA14531.s

SysTick_Handler 0000003C

Symbol: SysTick_Handler
   Definitions
      At line 431 in file ..\..\..\..\..\..\sdk\platform\arch\boot\ARM\startup_
DA14531.s
   Uses
      At line 116 in file ..\..\..\..\..\..\sdk\platform\arch\boot\ARM\startup_
DA14531.s
      At line 432 in file ..\..\..\..\..\..\sdk\platform\arch\boot\ARM\startup_
DA14531.s

UART2_Handler 0000003E

Symbol: UART2_Handler
   Definitions
      At line 465 in file ..\..\..\..\..\..\sdk\platform\arch\boot\ARM\startup_
DA14531.s
   Uses
      At line 122 in file ..\..\..\..\..\..\sdk\platform\arch\boot\ARM\startup_
DA14531.s
      At line 440 in file ..\..\..\..\..\..\sdk\platform\arch\boot\ARM\startup_
DA14531.s

UART_Handler 0000003E

Symbol: UART_Handler
   Definitions
      At line 464 in file ..\..\..\..\..\..\sdk\platform\arch\boot\ARM\startup_
DA14531.s
   Uses
      At line 121 in file ..\..\..\..\..\..\sdk\platform\arch\boot\ARM\startup_



ARM Macro Assembler    Page 7 Alphabetic symbol ordering
Relocatable symbols

DA14531.s
      At line 439 in file ..\..\..\..\..\..\sdk\platform\arch\boot\ARM\startup_
DA14531.s

WKUP_QUADEC_Handler 0000003E

Symbol: WKUP_QUADEC_Handler
   Definitions
      At line 478 in file ..\..\..\..\..\..\sdk\platform\arch\boot\ARM\startup_
DA14531.s
   Uses
      At line 135 in file ..\..\..\..\..\..\sdk\platform\arch\boot\ARM\startup_
DA14531.s
      At line 453 in file ..\..\..\..\..\..\sdk\platform\arch\boot\ARM\startup_
DA14531.s

XTAL32M_RDY_Handler 0000003E

Symbol: XTAL32M_RDY_Handler
   Definitions
      At line 482 in file ..\..\..\..\..\..\sdk\platform\arch\boot\ARM\startup_
DA14531.s
   Uses
      At line 139 in file ..\..\..\..\..\..\sdk\platform\arch\boot\ARM\startup_
DA14531.s
      At line 457 in file ..\..\..\..\..\..\sdk\platform\arch\boot\ARM\startup_
DA14531.s

rwble_isr 0000003E

Symbol: rwble_isr
   Definitions
      At line 463 in file ..\..\..\..\..\..\sdk\platform\arch\boot\ARM\startup_
DA14531.s
   Uses
      At line 120 in file ..\..\..\..\..\..\sdk\platform\arch\boot\ARM\startup_
DA14531.s
      At line 438 in file ..\..\..\..\..\..\sdk\platform\arch\boot\ARM\startup_
DA14531.s

34 symbols



ARM Macro Assembler    Page 1 Alphabetic symbol ordering
Absolute symbols

Heap_Size 00000100

Symbol: Heap_Size
   Definitions
      At line 60 in file ..\..\..\..\..\..\sdk\platform\arch\boot\ARM\startup_D
A14531.s
   Uses
      At line 64 in file ..\..\..\..\..\..\sdk\platform\arch\boot\ARM\startup_D
A14531.s
Comment: Heap_Size used once
Stack_Size 00000700

Symbol: Stack_Size
   Definitions
      At line 47 in file ..\..\..\..\..\..\sdk\platform\arch\boot\ARM\startup_D
A14531.s
   Uses
      At line 51 in file ..\..\..\..\..\..\sdk\platform\arch\boot\ARM\startup_D
A14531.s
Comment: Stack_Size used once
__Vectors_Size 000000A0

Symbol: __Vectors_Size
   Definitions
      At line 145 in file ..\..\..\..\..\..\sdk\platform\arch\boot\ARM\startup_
DA14531.s
   Uses
      At line 95 in file ..\..\..\..\..\..\sdk\platform\arch\boot\ARM\startup_D
A14531.s
Comment: __Vectors_Size used once
3 symbols



ARM Macro Assembler    Page 1 Alphabetic symbol ordering
External symbols

HardFault_HandlerC 00000000

Symbol: HardFault_HandlerC
   Definitions
      At line 402 in file ..\..\..\..\..\..\sdk\platform\arch\boot\ARM\startup_
DA14531.s
   Uses
      At line 410 in file ..\..\..\..\..\..\sdk\platform\arch\boot\ARM\startup_
DA14531.s
      At line 414 in file ..\..\..\..\..\..\sdk\platform\arch\boot\ARM\startup_
DA14531.s

NMI_HandlerC 00000000

Symbol: NMI_HandlerC
   Definitions
      At line 386 in file ..\..\..\..\..\..\sdk\platform\arch\boot\ARM\startup_
DA14531.s
   Uses
      At line 394 in file ..\..\..\..\..\..\sdk\platform\arch\boot\ARM\startup_
DA14531.s
      At line 398 in file ..\..\..\..\..\..\sdk\platform\arch\boot\ARM\startup_
DA14531.s

SystemInit 00000000

Symbol: SystemInit
   Definitions
      At line 341 in file ..\..\..\..\..\..\sdk\platform\arch\boot\ARM\startup_
DA14531.s
   Uses
      At line 378 in file ..\..\..\..\..\..\sdk\platform\arch\boot\ARM\startup_
DA14531.s
Comment: SystemInit used once
__main 00000000

Symbol: __main
   Definitions
      At line 342 in file ..\..\..\..\..\..\sdk\platform\arch\boot\ARM\startup_
DA14531.s
   Uses
      At line 380 in file ..\..\..\..\..\..\sdk\platform\arch\boot\ARM\startup_
DA14531.s
Comment: __main used once
4 symbols
403 symbols in table
